{"name": "test_products_group", "status": "skipped", "statusDetails": {"message": "XFAIL Wait for fix bug\n\nselenium.common.exceptions.ElementClickInterceptedException: Message: element click intercepted: Element <a href=\"https://testqastudio.me?products_group=sale\" class=\"tab-sale \">...</a> is not clickable at point (708, 666). Other element would receive the click: <div class=\"catalog-toolbar-tabs__content\">...</div>\n  (Session info: chrome=124.0.6367.208)\nStacktrace:\n\tGetHandleVerifier [0x00007FF63BC31522+60802]\n\t(No symbol) [0x00007FF63BBAAC22]\n\t(No symbol) [0x00007FF63BA67CE4]\n\t(No symbol) [0x00007FF63BABE877]\n\t(No symbol) [0x00007FF63BABC344]\n\t(No symbol) [0x00007FF63BAB980A]\n\t(No symbol) [0x00007FF63BAB89E2]\n\t(No symbol) [0x00007FF63BAAAE8B]\n\t(No symbol) [0x00007FF63BADAB7A]\n\t(No symbol) [0x00007FF63BAAA7C6]\n\t(No symbol) [0x00007FF63BADAD90]\n\t(No symbol) [0x00007FF63BAFA224]\n\t(No symbol) [0x00007FF63BADA923]\n\t(No symbol) [0x00007FF63BAA8FEC]\n\t(No symbol) [0x00007FF63BAA9C21]\n\tGetHandleVerifier [0x00007FF63BF341BD+3217949]\n\tGetHandleVerifier [0x00007FF63BF76157+3488183]\n\tGetHandleVerifier [0x00007FF63BF6F0DF+3459391]\n\tGetHandleVerifier [0x00007FF63BCEB8E6+823622]\n\t(No symbol) [0x00007FF63BBB5FBF]\n\t(No symbol) [0x00007FF63BBB0EE4]\n\t(No symbol) [0x00007FF63BBB1072]\n\t(No symbol) [0x00007FF63BBA18C4]\n\tBaseThreadInitThunk [0x00007FFDD242257D+29]\n\tRtlUserThreadStart [0x00007FFDD45CAA48+40]", "trace": "tests\\test_shop.py:48: in test_products_group\n    element.click()\n        browser    = <selenium.webdriver.chrome.webdriver.WebDriver (session=\"6b9c127ccb8321d3da71cd7038680cbf\")>\n        element    = <selenium.webdriver.remote.webelement.WebElement (session=\"6b9c127ccb8321d3da71cd7038680cbf\", element=\"f.D8AA286E02171A4CAE4A8DB247D45599.d.4A11FF12481027F8F6D6E1B610D04920.e.158\")>\n        elements   = [<selenium.webdriver.remote.webelement.WebElement (session=\"6b9c127ccb8321d3da71cd7038680cbf\", element=\"f.D8AA286E0217...c127ccb8321d3da71cd7038680cbf\", element=\"f.D8AA286E02171A4CAE4A8DB247D45599.d.C0F932C1D4DB80D21CD88E8C750FD280.e.71\")>]\n        expected_menu = [('Все', '', \"[class='tab-all active']\"), ('Бестселлеры', '/?products_group=best_sellers', \"[class='tab-best_sellers '... '/?products_group=new', \"[class='tab-new ']\"), ('Распродажа товаров', '/?products_group=sale', \"[class='tab-sale ']\")]\n        item       = ('Распродажа товаров', '/?products_group=sale', \"[class='tab-sale ']\")\n        menu_element = \"[class='catalog-toolbar-tabs__content'] a\"\nenv\\Lib\\site-packages\\selenium\\webdriver\\remote\\webelement.py:94: in click\n    self._execute(Command.CLICK_ELEMENT)\n        self       = <selenium.webdriver.remote.webelement.WebElement (session=\"6b9c127ccb8321d3da71cd7038680cbf\", element=\"f.D8AA286E02171A4CAE4A8DB247D45599.d.4A11FF12481027F8F6D6E1B610D04920.e.158\")>\nenv\\Lib\\site-packages\\selenium\\webdriver\\remote\\webelement.py:395: in _execute\n    return self._parent.execute(command, params)\n        command    = 'clickElement'\n        params     = {'id': 'f.D8AA286E02171A4CAE4A8DB247D45599.d.4A11FF12481027F8F6D6E1B610D04920.e.158'}\n        self       = <selenium.webdriver.remote.webelement.WebElement (session=\"6b9c127ccb8321d3da71cd7038680cbf\", element=\"f.D8AA286E02171A4CAE4A8DB247D45599.d.4A11FF12481027F8F6D6E1B610D04920.e.158\")>\nenv\\Lib\\site-packages\\selenium\\webdriver\\remote\\webdriver.py:347: in execute\n    self.error_handler.check_response(response)\n        driver_command = 'clickElement'\n        params     = {}\n        response   = {'status': 400, 'value': '{\"value\":{\"error\":\"element click intercepted\",\"message\":\"element click intercepted: Element ...07FF63BBA18C4]\\\\n\\\\tBaseThreadInitThunk [0x00007FFDD242257D+29]\\\\n\\\\tRtlUserThreadStart [0x00007FFDD45CAA48+40]\\\\n\"}}'}\n        self       = <selenium.webdriver.chrome.webdriver.WebDriver (session=\"6b9c127ccb8321d3da71cd7038680cbf\")>\nenv\\Lib\\site-packages\\selenium\\webdriver\\remote\\errorhandler.py:229: in check_response\n    raise exception_class(message, screen, stacktrace)\nE   selenium.common.exceptions.ElementClickInterceptedException: Message: element click intercepted: Element <a href=\"https://testqastudio.me?products_group=sale\" class=\"tab-sale \">...</a> is not clickable at point (708, 666). Other element would receive the click: <div class=\"catalog-toolbar-tabs__content\">...</div>\nE     (Session info: chrome=124.0.6367.208)\nE   Stacktrace:\nE   \tGetHandleVerifier [0x00007FF63BC31522+60802]\nE   \t(No symbol) [0x00007FF63BBAAC22]\nE   \t(No symbol) [0x00007FF63BA67CE4]\nE   \t(No symbol) [0x00007FF63BABE877]\nE   \t(No symbol) [0x00007FF63BABC344]\nE   \t(No symbol) [0x00007FF63BAB980A]\nE   \t(No symbol) [0x00007FF63BAB89E2]\nE   \t(No symbol) [0x00007FF63BAAAE8B]\nE   \t(No symbol) [0x00007FF63BADAB7A]\nE   \t(No symbol) [0x00007FF63BAAA7C6]\nE   \t(No symbol) [0x00007FF63BADAD90]\nE   \t(No symbol) [0x00007FF63BAFA224]\nE   \t(No symbol) [0x00007FF63BADA923]\nE   \t(No symbol) [0x00007FF63BAA8FEC]\nE   \t(No symbol) [0x00007FF63BAA9C21]\nE   \tGetHandleVerifier [0x00007FF63BF341BD+3217949]\nE   \tGetHandleVerifier [0x00007FF63BF76157+3488183]\nE   \tGetHandleVerifier [0x00007FF63BF6F0DF+3459391]\nE   \tGetHandleVerifier [0x00007FF63BCEB8E6+823622]\nE   \t(No symbol) [0x00007FF63BBB5FBF]\nE   \t(No symbol) [0x00007FF63BBB0EE4]\nE   \t(No symbol) [0x00007FF63BBB1072]\nE   \t(No symbol) [0x00007FF63BBA18C4]\nE   \tBaseThreadInitThunk [0x00007FFDD242257D+29]\nE   \tRtlUserThreadStart [0x00007FFDD45CAA48+40]\n        e          = <selenium.webdriver.remote.errorhandler.ErrorCode object at 0x0000016475F3A8D0>\n        error_code = 'ELEMENT_CLICK_INTERCEPTED'\n        error_codes = ['ELEMENT_CLICK_INTERCEPTED', 'ELEMENT_IS_NOT_SELECTABLE', 'ELEMENT_NOT_INTERACTABLE', 'ELEMENT_NOT_VISIBLE', 'IME_ENGINE_ACTIVATION_FAILED', 'IME_NOT_AVAILABLE', ...]\n        error_info = [64, 'element click intercepted']\n        exception_class = <class 'selenium.common.exceptions.ElementClickInterceptedException'>\n        json       = <module 'json' from 'C:\\\\Users\\\\nikit\\\\AppData\\\\Local\\\\Programs\\\\Python\\\\Python311\\\\Lib\\\\json\\\\__init__.py'>\n        message    = 'element click intercepted: Element <a href=\"https://testqastudio.me?products_group=sale\" class=\"tab-sale \">...</a> is...would receive the click: <div class=\"catalog-toolbar-tabs__content\">...</div>\\n  (Session info: chrome=124.0.6367.208)'\n        response   = {'status': 400, 'value': '{\"value\":{\"error\":\"element click intercepted\",\"message\":\"element click intercepted: Element ...07FF63BBA18C4]\\\\n\\\\tBaseThreadInitThunk [0x00007FFDD242257D+29]\\\\n\\\\tRtlUserThreadStart [0x00007FFDD45CAA48+40]\\\\n\"}}'}\n        screen     = None\n        self       = <selenium.webdriver.remote.errorhandler.ErrorHandler object at 0x000001647845BA10>\n        st_value   = '\\tGetHandleVerifier [0x00007FF63BC31522+60802]\\n\\t(No symbol) [0x00007FF63BBAAC22]\\n\\t(No symbol) [0x00007FF63BA67CE4...l) [0x00007FF63BBA18C4]\\n\\tBaseThreadInitThunk [0x00007FFDD242257D+29]\\n\\tRtlUserThreadStart [0x00007FFDD45CAA48+40]\\n'\n        stacktrace = ['\\tGetHandleVerifier [0x00007FF63BC31522+60802]', '\\t(No symbol) [0x00007FF63BBAAC22]', '\\t(No symbol) [0x00007FF63BA... '\\t(No symbol) [0x00007FF63BABE877]', '\\t(No symbol) [0x00007FF63BABC344]', '\\t(No symbol) [0x00007FF63BAB980A]', ...]\n        status     = 'element click intercepted'\n        value      = {'error': 'element click intercepted', 'message': 'element click intercepted: Element <a href=\"https://testqastudio.me...) [0x00007FF63BBA18C4]\\n\\tBaseThreadInitThunk [0x00007FFDD242257D+29]\\n\\tRtlUserThreadStart [0x00007FFDD45CAA48+40]\\n'}\n        value_json = '{\"value\":{\"error\":\"element click intercepted\",\"message\":\"element click intercepted: Element \\\\u003Ca href=\\\\\"https://...007FF63BBA18C4]\\\\n\\\\tBaseThreadInitThunk [0x00007FFDD242257D+29]\\\\n\\\\tRtlUserThreadStart [0x00007FFDD45CAA48+40]\\\\n\"}}'"}, "description": "\n    Test case TC-2\n    ", "start": 1716147687398, "stop": 1716147696557, "uuid": "ae9a256e-4173-4a0e-b8e4-dfe519db2385", "historyId": "4fdd6adba16e950b161eae73ef4ccb14", "testCaseId": "4fdd6adba16e950b161eae73ef4ccb14", "fullName": "tests.test_shop#test_products_group", "labels": [{"name": "tag", "value": "@pytest.mark.xfail(reason='Wait for fix bug')"}, {"name": "parentSuite", "value": "tests"}, {"name": "suite", "value": "test_shop"}, {"name": "host", "value": "LAKRITYPC"}, {"name": "thread", "value": "9540-MainThread"}, {"name": "framework", "value": "pytest"}, {"name": "language", "value": "cpython3"}, {"name": "package", "value": "tests.test_shop"}]}